<?xml version="1.0" encoding="UTF-8"?>
<testsuite xmlns:xsi="http://www.w3.org/2001/XMLSchema-instance" xsi:noNamespaceSchemaLocation="https://maven.apache.org/surefire/maven-surefire-plugin/xsd/surefire-test-report-3.0.xsd" version="3.0" name="com.example.hl7poc.HL7PocApplicationTests" time="4.444" tests="1" errors="0" skipped="0" failures="0">
  <properties>
[...]
</properties>
  <testcase name="contextLoads" classname="com.example.hl7poc.HL7PocApplicationTests" time="0.767">
    <system-out><![CDATA[17:24:35.417 [main] INFO org.springframework.test.context.support.AnnotationConfigContextLoaderUtils -- Could not detect default configuration classes for test class [com.example.hl7poc.HL7PocApplicationTests]: HL7PocApplicationTests does not declare any static, non-private, non-final, nested classes annotated with @Configuration.
17:24:35.574 [main] INFO org.springframework.boot.test.context.SpringBootTestContextBootstrapper -- Found @SpringBootConfiguration com.example.hl7poc.HL7PocApplication for test class com.example.hl7poc.HL7PocApplicationTests

  .   ____          _            __ _ _
 /\\ / ___'_ __ _ _(_)_ __  __ _ \ \ \ \
( ( )\___ | '_ | '_| | '_ \/ _` | \ \ \ \
 \\/  ___)| |_)| | | | | || (_| |  ) ) ) )
  '  |____| .__|_| |_|_| |_\__, | / / / /
 =========|_|==============|___/=/_/_/_/

 :: Spring Boot ::                (v3.3.5)

2026-04-22T17:24:36.114+05:30  INFO 84709 --- [HL7POC] [           main] c.example.hl7poc.HL7PocApplicationTests  : Starting HL7PocApplicationTests using Java 17.0.13 with PID 84709 (started by ashish in /Users/ashish/Documents/New project/HL7POC)
2026-04-22T17:24:36.115+05:30  INFO 84709 --- [HL7POC] [           main] c.example.hl7poc.HL7PocApplicationTests  : No active profile set, falling back to 1 default profile: "default"
2026-04-22T17:24:37.998+05:30  INFO 84709 --- [HL7POC] [           main] ca.uhn.fhir.util.VersionUtil             : HAPI FHIR version 7.4.0 - Rev 71e9af61cf
2026-04-22T17:24:38.004+05:30  INFO 84709 --- [HL7POC] [           main] ca.uhn.fhir.context.FhirContext          : Creating new FHIR context for FHIR version [R4]
2026-04-22T17:24:38.881+05:30  INFO 84709 --- [HL7POC] [           main] c.example.hl7poc.HL7PocApplicationTests  : Started HL7PocApplicationTests in 3.145 seconds (process running for 4.332)
]]></system-out>
  </testcase>
</testsuite>